{"C:\\Users\\ObiOjji\\Documents\\benefits-buddy\\Backend\\app.js": {"path":"C:\\Users\\ObiOjji\\Documents\\benefits-buddy\\Backend\\app.js","statementMap":{"0":{"start":{"line":14,"column":11},"end":{"line":14,"column":21}},"1":{"start":{"line":17,"column":18},"end":{"line":17,"column":49}},"2":{"start":{"line":18,"column":18},"end":{"line":18,"column":42}},"3":{"start":{"line":20,"column":0},"end":{"line":20,"column":16}},"4":{"start":{"line":21,"column":0},"end":{"line":21,"column":24}},"5":{"start":{"line":29,"column":0},"end":{"line":31,"column":3}},"6":{"start":{"line":30,"column":2},"end":{"line":30,"column":62}},"7":{"start":{"line":35,"column":0},"end":{"line":35,"column":74}},"8":{"start":{"line":36,"column":0},"end":{"line":36,"column":61}},"9":{"start":{"line":38,"column":0},"end":{"line":38,"column":33}},"10":{"start":{"line":39,"column":0},"end":{"line":39,"column":41}},"11":{"start":{"line":40,"column":0},"end":{"line":40,"column":41}},"12":{"start":{"line":41,"column":0},"end":{"line":41,"column":29}},"13":{"start":{"line":43,"column":0},"end":{"line":45,"column":3}},"14":{"start":{"line":44,"column":2},"end":{"line":44,"column":62}}},"fnMap":{"0":{"name":"(anonymous_0)","decl":{"start":{"line":29,"column":13},"end":{"line":29,"column":14}},"loc":{"start":{"line":29,"column":27},"end":{"line":31,"column":1}},"line":29},"1":{"name":"(anonymous_1)","decl":{"start":{"line":43,"column":8},"end":{"line":43,"column":9}},"loc":{"start":{"line":43,"column":22},"end":{"line":45,"column":1}},"line":43}},"branchMap":{},"s":{"0":0,"1":0,"2":0,"3":0,"4":0,"5":0,"6":0,"7":0,"8":0,"9":0,"10":0,"11":0,"12":0,"13":0,"14":0},"f":{"0":0,"1":0},"b":{},"meta":{"lastBranch":0,"lastFunction":2,"lastStatement":15,"seen":{"s:14:11:14:21":0,"s:17:18:17:49":1,"s:18:18:18:42":2,"s:20:0:20:16":3,"s:21:0:21:24":4,"s:29:0:31:3":5,"f:29:13:29:14":0,"s:30:2:30:62":6,"s:35:0:35:74":7,"s:36:0:36:61":8,"s:38:0:38:33":9,"s:39:0:39:41":10,"s:40:0:40:41":11,"s:41:0:41:29":12,"s:43:0:45:3":13,"f:43:8:43:9":1,"s:44:2:44:62":14}}}
,"C:\\Users\\ObiOjji\\Documents\\benefits-buddy\\Backend\\controllers\\aiController.js": {"path":"C:\\Users\\ObiOjji\\Documents\\benefits-buddy\\Backend\\controllers\\aiController.js","statementMap":{"0":{"start":{"line":5,"column":15},"end":{"line":38,"column":1}},"1":{"start":{"line":6,"column":2},"end":{"line":37,"column":3}},"2":{"start":{"line":7,"column":25},"end":{"line":7,"column":33}},"3":{"start":{"line":9,"column":25},"end":{"line":9,"column":61}},"4":{"start":{"line":10,"column":25},"end":{"line":10,"column":56}},"5":{"start":{"line":11,"column":4},"end":{"line":11,"column":47}},"6":{"start":{"line":12,"column":4},"end":{"line":12,"column":51}},"7":{"start":{"line":14,"column":21},"end":{"line":18,"column":5}},"8":{"start":{"line":19,"column":4},"end":{"line":19,"column":61}},"9":{"start":{"line":21,"column":52},"end":{"line":21,"column":60}},"10":{"start":{"line":23,"column":4},"end":{"line":31,"column":5}},"11":{"start":{"line":24,"column":6},"end":{"line":30,"column":8}},"12":{"start":{"line":33,"column":4},"end":{"line":33,"column":43}},"13":{"start":{"line":35,"column":4},"end":{"line":35,"column":60}},"14":{"start":{"line":36,"column":4},"end":{"line":36,"column":49}}},"fnMap":{"0":{"name":"(anonymous_0)","decl":{"start":{"line":5,"column":15},"end":{"line":5,"column":20}},"loc":{"start":{"line":5,"column":35},"end":{"line":38,"column":1}},"line":5}},"branchMap":{"0":{"loc":{"start":{"line":23,"column":4},"end":{"line":31,"column":5}},"type":"if","locations":[{"start":{"line":23,"column":4},"end":{"line":31,"column":5}},{"start":{},"end":{}}],"line":23}},"s":{"0":0,"1":0,"2":0,"3":0,"4":0,"5":0,"6":0,"7":0,"8":0,"9":0,"10":0,"11":0,"12":0,"13":0,"14":0},"f":{"0":0},"b":{"0":[0,0]},"meta":{"lastBranch":1,"lastFunction":1,"lastStatement":15,"seen":{"s:5:15:38:1":0,"f:5:15:5:20":0,"s:6:2:37:3":1,"s:7:25:7:33":2,"s:9:25:9:61":3,"s:10:25:10:56":4,"s:11:4:11:47":5,"s:12:4:12:51":6,"s:14:21:18:5":7,"s:19:4:19:61":8,"s:21:52:21:60":9,"b:23:4:31:5:undefined:undefined:undefined:undefined":0,"s:23:4:31:5":10,"s:24:6:30:8":11,"s:33:4:33:43":12,"s:35:4:35:60":13,"s:36:4:36:49":14}}}
,"C:\\Users\\ObiOjji\\Documents\\benefits-buddy\\Backend\\controllers\\authControllers.js": {"path":"C:\\Users\\ObiOjji\\Documents\\benefits-buddy\\Backend\\controllers\\authControllers.js","statementMap":{"0":{"start":{"line":3,"column":15},"end":{"line":13,"column":1}},"1":{"start":{"line":4,"column":33},"end":{"line":4,"column":41}},"2":{"start":{"line":6,"column":2},"end":{"line":12,"column":3}},"3":{"start":{"line":7,"column":17},"end":{"line":7,"column":59}},"4":{"start":{"line":8,"column":4},"end":{"line":8,"column":35}},"5":{"start":{"line":11,"column":4},"end":{"line":11,"column":49}},"6":{"start":{"line":15,"column":14},"end":{"line":26,"column":1}},"7":{"start":{"line":16,"column":33},"end":{"line":16,"column":41}},"8":{"start":{"line":18,"column":2},"end":{"line":25,"column":3}},"9":{"start":{"line":19,"column":17},"end":{"line":19,"column":58}},"10":{"start":{"line":21,"column":4},"end":{"line":21,"column":23}},"11":{"start":{"line":24,"column":4},"end":{"line":24,"column":53}}},"fnMap":{"0":{"name":"(anonymous_0)","decl":{"start":{"line":3,"column":15},"end":{"line":3,"column":20}},"loc":{"start":{"line":3,"column":35},"end":{"line":13,"column":1}},"line":3},"1":{"name":"(anonymous_1)","decl":{"start":{"line":15,"column":14},"end":{"line":15,"column":19}},"loc":{"start":{"line":15,"column":34},"end":{"line":26,"column":1}},"line":15}},"branchMap":{},"s":{"0":0,"1":0,"2":0,"3":0,"4":0,"5":0,"6":0,"7":0,"8":0,"9":0,"10":0,"11":0},"f":{"0":0,"1":0},"b":{},"meta":{"lastBranch":0,"lastFunction":2,"lastStatement":12,"seen":{"s:3:15:13:1":0,"f:3:15:3:20":0,"s:4:33:4:41":1,"s:6:2:12:3":2,"s:7:17:7:59":3,"s:8:4:8:35":4,"s:11:4:11:49":5,"s:15:14:26:1":6,"f:15:14:15:19":1,"s:16:33:16:41":7,"s:18:2:25:3":8,"s:19:17:19:58":9,"s:21:4:21:23":10,"s:24:4:24:53":11}}}
,"C:\\Users\\ObiOjji\\Documents\\benefits-buddy\\Backend\\controllers\\benefitsController.js": {"path":"C:\\Users\\ObiOjji\\Documents\\benefits-buddy\\Backend\\controllers\\benefitsController.js","statementMap":{"0":{"start":{"line":8,"column":23},"end":{"line":16,"column":1}},"1":{"start":{"line":9,"column":2},"end":{"line":15,"column":3}},"2":{"start":{"line":10,"column":21},"end":{"line":10,"column":52}},"3":{"start":{"line":11,"column":4},"end":{"line":11,"column":35}},"4":{"start":{"line":13,"column":4},"end":{"line":13,"column":56}},"5":{"start":{"line":14,"column":4},"end":{"line":14,"column":49}},"6":{"start":{"line":18,"column":31},"end":{"line":79,"column":1}},"7":{"start":{"line":19,"column":19},"end":{"line":19,"column":31}},"8":{"start":{"line":20,"column":15},"end":{"line":20,"column":30}},"9":{"start":{"line":21,"column":18},"end":{"line":21,"column":41}},"10":{"start":{"line":22,"column":2},"end":{"line":78,"column":3}},"11":{"start":{"line":23,"column":24},"end":{"line":23,"column":55}},"12":{"start":{"line":25,"column":27},"end":{"line":73,"column":6}},"13":{"start":{"line":28,"column":67},"end":{"line":28,"column":74}},"14":{"start":{"line":31,"column":21},"end":{"line":31,"column":60}},"15":{"start":{"line":42,"column":10},"end":{"line":42,"column":17}},"16":{"start":{"line":44,"column":6},"end":{"line":72,"column":8}},"17":{"start":{"line":74,"column":4},"end":{"line":74,"column":41}},"18":{"start":{"line":76,"column":4},"end":{"line":76,"column":51}},"19":{"start":{"line":77,"column":4},"end":{"line":77,"column":49}}},"fnMap":{"0":{"name":"(anonymous_0)","decl":{"start":{"line":8,"column":23},"end":{"line":8,"column":28}},"loc":{"start":{"line":8,"column":43},"end":{"line":16,"column":1}},"line":8},"1":{"name":"(anonymous_1)","decl":{"start":{"line":18,"column":31},"end":{"line":18,"column":36}},"loc":{"start":{"line":18,"column":51},"end":{"line":79,"column":1}},"line":18},"2":{"name":"(anonymous_2)","decl":{"start":{"line":25,"column":43},"end":{"line":25,"column":44}},"loc":{"start":{"line":25,"column":56},"end":{"line":73,"column":5}},"line":25}},"branchMap":{},"s":{"0":0,"1":0,"2":0,"3":0,"4":0,"5":0,"6":0,"7":0,"8":0,"9":0,"10":0,"11":0,"12":0,"13":0,"14":0,"15":0,"16":0,"17":0,"18":0,"19":0},"f":{"0":0,"1":0,"2":0},"b":{},"meta":{"lastBranch":0,"lastFunction":3,"lastStatement":20,"seen":{"s:8:23:16:1":0,"f:8:23:8:28":0,"s:9:2:15:3":1,"s:10:21:10:52":2,"s:11:4:11:35":3,"s:13:4:13:56":4,"s:14:4:14:49":5,"s:18:31:79:1":6,"f:18:31:18:36":1,"s:19:19:19:31":7,"s:20:15:20:30":8,"s:21:18:21:41":9,"s:22:2:78:3":10,"s:23:24:23:55":11,"s:25:27:73:6":12,"f:25:43:25:44":2,"s:28:67:28:74":13,"s:31:21:31:60":14,"s:42:10:42:17":15,"s:44:6:72:8":16,"s:74:4:74:41":17,"s:76:4:76:51":18,"s:77:4:77:49":19}}}
,"C:\\Users\\ObiOjji\\Documents\\benefits-buddy\\Backend\\controllers\\faqsController.js": {"path":"C:\\Users\\ObiOjji\\Documents\\benefits-buddy\\Backend\\controllers\\faqsController.js","statementMap":{"0":{"start":{"line":14,"column":19},"end":{"line":22,"column":1}},"1":{"start":{"line":15,"column":2},"end":{"line":21,"column":3}},"2":{"start":{"line":16,"column":17},"end":{"line":16,"column":40}},"3":{"start":{"line":17,"column":4},"end":{"line":17,"column":31}},"4":{"start":{"line":19,"column":4},"end":{"line":19,"column":48}},"5":{"start":{"line":20,"column":4},"end":{"line":20,"column":49}}},"fnMap":{"0":{"name":"(anonymous_0)","decl":{"start":{"line":14,"column":19},"end":{"line":14,"column":24}},"loc":{"start":{"line":14,"column":39},"end":{"line":22,"column":1}},"line":14}},"branchMap":{},"s":{"0":0,"1":0,"2":0,"3":0,"4":0,"5":0},"f":{"0":0},"b":{},"meta":{"lastBranch":0,"lastFunction":1,"lastStatement":6,"seen":{"s:14:19:22:1":0,"f:14:19:14:24":0,"s:15:2:21:3":1,"s:16:17:16:40":2,"s:17:4:17:31":3,"s:19:4:19:48":4,"s:20:4:20:49":5}}}
,"C:\\Users\\ObiOjji\\Documents\\benefits-buddy\\Backend\\controllers\\glossaryController.js": {"path":"C:\\Users\\ObiOjji\\Documents\\benefits-buddy\\Backend\\controllers\\glossaryController.js","statementMap":{"0":{"start":{"line":8,"column":28},"end":{"line":16,"column":1}},"1":{"start":{"line":9,"column":2},"end":{"line":15,"column":3}},"2":{"start":{"line":10,"column":26},"end":{"line":10,"column":62}},"3":{"start":{"line":11,"column":4},"end":{"line":11,"column":40}},"4":{"start":{"line":13,"column":4},"end":{"line":13,"column":58}},"5":{"start":{"line":14,"column":4},"end":{"line":14,"column":49}}},"fnMap":{"0":{"name":"(anonymous_0)","decl":{"start":{"line":8,"column":28},"end":{"line":8,"column":33}},"loc":{"start":{"line":8,"column":48},"end":{"line":16,"column":1}},"line":8}},"branchMap":{},"s":{"0":0,"1":0,"2":0,"3":0,"4":0,"5":0},"f":{"0":0},"b":{},"meta":{"lastBranch":0,"lastFunction":1,"lastStatement":6,"seen":{"s:8:28:16:1":0,"f:8:28:8:33":0,"s:9:2:15:3":1,"s:10:26:10:62":2,"s:11:4:11:40":3,"s:13:4:13:58":4,"s:14:4:14:49":5}}}
,"C:\\Users\\ObiOjji\\Documents\\benefits-buddy\\Backend\\db\\connect.js": {"path":"C:\\Users\\ObiOjji\\Documents\\benefits-buddy\\Backend\\db\\connect.js","statementMap":{"0":{"start":{"line":5,"column":18},"end":{"line":5,"column":49}},"1":{"start":{"line":6,"column":17},"end":{"line":6,"column":37}},"2":{"start":{"line":8,"column":11},"end":{"line":11,"column":2}}},"fnMap":{},"branchMap":{},"s":{"0":1,"1":1,"2":1},"f":{},"b":{},"meta":{"lastBranch":0,"lastFunction":0,"lastStatement":3,"seen":{"s:5:18:5:49":0,"s:6:17:6:37":1,"s:8:11:11:2":2}}}
,"C:\\Users\\ObiOjji\\Documents\\benefits-buddy\\Backend\\db\\index.js": {"path":"C:\\Users\\ObiOjji\\Documents\\benefits-buddy\\Backend\\db\\index.js","statementMap":{},"fnMap":{},"branchMap":{},"s":{},"f":{},"b":{},"meta":{"lastBranch":0,"lastFunction":0,"lastStatement":0,"seen":{}}}
,"C:\\Users\\ObiOjji\\Documents\\benefits-buddy\\Backend\\middleware\\auth.js": {"path":"C:\\Users\\ObiOjji\\Documents\\benefits-buddy\\Backend\\middleware\\auth.js","statementMap":{},"fnMap":{},"branchMap":{},"s":{},"f":{},"b":{},"meta":{"lastBranch":0,"lastFunction":0,"lastStatement":0,"seen":{}}}
,"C:\\Users\\ObiOjji\\Documents\\benefits-buddy\\Backend\\middleware\\validate.js": {"path":"C:\\Users\\ObiOjji\\Documents\\benefits-buddy\\Backend\\middleware\\validate.js","statementMap":{},"fnMap":{},"branchMap":{},"s":{},"f":{},"b":{},"meta":{"lastBranch":0,"lastFunction":0,"lastStatement":0,"seen":{}}}
,"C:\\Users\\ObiOjji\\Documents\\benefits-buddy\\Backend\\models\\benefitsModel.js": {"path":"C:\\Users\\ObiOjji\\Documents\\benefits-buddy\\Backend\\models\\benefitsModel.js","statementMap":{"0":{"start":{"line":9,"column":18},"end":{"line":9,"column":49}},"1":{"start":{"line":10,"column":18},"end":{"line":10,"column":42}},"2":{"start":{"line":27,"column":4},"end":{"line":27,"column":41}},"3":{"start":{"line":28,"column":4},"end":{"line":28,"column":47}},"4":{"start":{"line":29,"column":4},"end":{"line":29,"column":47}},"5":{"start":{"line":30,"column":4},"end":{"line":30,"column":73}},"6":{"start":{"line":31,"column":4},"end":{"line":31,"column":37}},"7":{"start":{"line":32,"column":4},"end":{"line":32,"column":29}},"8":{"start":{"line":33,"column":4},"end":{"line":33,"column":35}},"9":{"start":{"line":34,"column":4},"end":{"line":34,"column":41}},"10":{"start":{"line":43,"column":4},"end":{"line":56,"column":5}},"11":{"start":{"line":44,"column":27},"end":{"line":47,"column":7}},"12":{"start":{"line":48,"column":27},"end":{"line":48,"column":50}},"13":{"start":{"line":51,"column":6},"end":{"line":53,"column":37}},"14":{"start":{"line":52,"column":24},"end":{"line":52,"column":73}},"15":{"start":{"line":53,"column":20},"end":{"line":53,"column":35}},"16":{"start":{"line":55,"column":6},"end":{"line":55,"column":54}}},"fnMap":{"0":{"name":"(anonymous_0)","decl":{"start":{"line":26,"column":2},"end":{"line":26,"column":13}},"loc":{"start":{"line":26,"column":23},"end":{"line":35,"column":3}},"line":26},"1":{"name":"(anonymous_1)","decl":{"start":{"line":42,"column":15},"end":{"line":42,"column":29}},"loc":{"start":{"line":42,"column":32},"end":{"line":57,"column":3}},"line":42},"2":{"name":"(anonymous_2)","decl":{"start":{"line":52,"column":14},"end":{"line":52,"column":15}},"loc":{"start":{"line":52,"column":24},"end":{"line":52,"column":73}},"line":52},"3":{"name":"(anonymous_3)","decl":{"start":{"line":53,"column":13},"end":{"line":53,"column":14}},"loc":{"start":{"line":53,"column":20},"end":{"line":53,"column":35}},"line":53}},"branchMap":{"0":{"loc":{"start":{"line":27,"column":14},"end":{"line":27,"column":40}},"type":"binary-expr","locations":[{"start":{"line":27,"column":14},"end":{"line":27,"column":33}},{"start":{"line":27,"column":37},"end":{"line":27,"column":40}}],"line":27},"1":{"loc":{"start":{"line":28,"column":16},"end":{"line":28,"column":46}},"type":"binary-expr","locations":[{"start":{"line":28,"column":16},"end":{"line":28,"column":28}},{"start":{"line":28,"column":32},"end":{"line":28,"column":46}}],"line":28},"2":{"loc":{"start":{"line":29,"column":16},"end":{"line":29,"column":46}},"type":"binary-expr","locations":[{"start":{"line":29,"column":16},"end":{"line":29,"column":28}},{"start":{"line":29,"column":32},"end":{"line":29,"column":46}}],"line":29},"3":{"loc":{"start":{"line":30,"column":23},"end":{"line":30,"column":72}},"type":"binary-expr","locations":[{"start":{"line":30,"column":23},"end":{"line":30,"column":42}},{"start":{"line":30,"column":46},"end":{"line":30,"column":72}}],"line":30},"4":{"loc":{"start":{"line":34,"column":18},"end":{"line":34,"column":40}},"type":"binary-expr","locations":[{"start":{"line":34,"column":18},"end":{"line":34,"column":32}},{"start":{"line":34,"column":36},"end":{"line":34,"column":40}}],"line":34},"5":{"loc":{"start":{"line":52,"column":25},"end":{"line":52,"column":46}},"type":"binary-expr","locations":[{"start":{"line":52,"column":25},"end":{"line":52,"column":40}},{"start":{"line":52,"column":44},"end":{"line":52,"column":46}}],"line":52},"6":{"loc":{"start":{"line":52,"column":51},"end":{"line":52,"column":72}},"type":"binary-expr","locations":[{"start":{"line":52,"column":51},"end":{"line":52,"column":66}},{"start":{"line":52,"column":70},"end":{"line":52,"column":72}}],"line":52}},"s":{"0":1,"1":1,"2":9,"3":9,"4":9,"5":9,"6":9,"7":9,"8":9,"9":9,"10":1,"11":1,"12":1,"13":1,"14":8,"15":9,"16":0},"f":{"0":9,"1":1,"2":8,"3":9},"b":{"0":[9,9],"1":[9,0],"2":[9,0],"3":[9,0],"4":[9,0],"5":[8,8],"6":[8,8]},"meta":{"lastBranch":7,"lastFunction":4,"lastStatement":17,"seen":{"s:9:18:9:49":0,"s:10:18:10:42":1,"f:26:2:26:13":0,"s:27:4:27:41":2,"b:27:14:27:33:27:37:27:40":0,"s:28:4:28:47":3,"b:28:16:28:28:28:32:28:46":1,"s:29:4:29:47":4,"b:29:16:29:28:29:32:29:46":2,"s:30:4:30:73":5,"b:30:23:30:42:30:46:30:72":3,"s:31:4:31:37":6,"s:32:4:32:29":7,"s:33:4:33:35":8,"s:34:4:34:41":9,"b:34:18:34:32:34:36:34:40":4,"f:42:15:42:29":1,"s:43:4:56:5":10,"s:44:27:47:7":11,"s:48:27:48:50":12,"s:51:6:53:37":13,"f:52:14:52:15":2,"s:52:24:52:73":14,"b:52:25:52:40:52:44:52:46":5,"b:52:51:52:66:52:70:52:72":6,"f:53:13:53:14":3,"s:53:20:53:35":15,"s:55:6:55:54":16}}}
,"C:\\Users\\ObiOjji\\Documents\\benefits-buddy\\Backend\\models\\faqModel.js": {"path":"C:\\Users\\ObiOjji\\Documents\\benefits-buddy\\Backend\\models\\faqModel.js","statementMap":{"0":{"start":{"line":8,"column":18},"end":{"line":8,"column":49}},"1":{"start":{"line":9,"column":18},"end":{"line":9,"column":42}},"2":{"start":{"line":25,"column":4},"end":{"line":25,"column":33}},"3":{"start":{"line":26,"column":4},"end":{"line":26,"column":54}},"4":{"start":{"line":27,"column":4},"end":{"line":27,"column":46}},"5":{"start":{"line":28,"column":4},"end":{"line":28,"column":58}},"6":{"start":{"line":29,"column":4},"end":{"line":29,"column":47}},"7":{"start":{"line":30,"column":4},"end":{"line":30,"column":48}},"8":{"start":{"line":31,"column":4},"end":{"line":31,"column":37}},"9":{"start":{"line":39,"column":4},"end":{"line":56,"column":5}},"10":{"start":{"line":44,"column":22},"end":{"line":47,"column":7}},"11":{"start":{"line":48,"column":22},"end":{"line":48,"column":40}},"12":{"start":{"line":49,"column":6},"end":{"line":49,"column":69}},"13":{"start":{"line":50,"column":6},"end":{"line":53,"column":33}},"14":{"start":{"line":51,"column":23},"end":{"line":51,"column":31}},"15":{"start":{"line":52,"column":24},"end":{"line":52,"column":73}},"16":{"start":{"line":53,"column":20},"end":{"line":53,"column":31}},"17":{"start":{"line":55,"column":6},"end":{"line":55,"column":50}}},"fnMap":{"0":{"name":"(anonymous_0)","decl":{"start":{"line":24,"column":2},"end":{"line":24,"column":13}},"loc":{"start":{"line":24,"column":19},"end":{"line":32,"column":3}},"line":24},"1":{"name":"(anonymous_1)","decl":{"start":{"line":38,"column":15},"end":{"line":38,"column":25}},"loc":{"start":{"line":38,"column":28},"end":{"line":57,"column":3}},"line":38},"2":{"name":"(anonymous_2)","decl":{"start":{"line":51,"column":16},"end":{"line":51,"column":17}},"loc":{"start":{"line":51,"column":23},"end":{"line":51,"column":31}},"line":51},"3":{"name":"(anonymous_3)","decl":{"start":{"line":52,"column":14},"end":{"line":52,"column":15}},"loc":{"start":{"line":52,"column":24},"end":{"line":52,"column":73}},"line":52},"4":{"name":"(anonymous_4)","decl":{"start":{"line":53,"column":13},"end":{"line":53,"column":14}},"loc":{"start":{"line":53,"column":20},"end":{"line":53,"column":31}},"line":53}},"branchMap":{"0":{"loc":{"start":{"line":25,"column":14},"end":{"line":25,"column":32}},"type":"binary-expr","locations":[{"start":{"line":25,"column":14},"end":{"line":25,"column":25}},{"start":{"line":25,"column":29},"end":{"line":25,"column":32}}],"line":25},"1":{"loc":{"start":{"line":26,"column":20},"end":{"line":26,"column":53}},"type":"binary-expr","locations":[{"start":{"line":26,"column":20},"end":{"line":26,"column":32}},{"start":{"line":26,"column":36},"end":{"line":26,"column":53}}],"line":26},"2":{"loc":{"start":{"line":27,"column":18},"end":{"line":27,"column":45}},"type":"binary-expr","locations":[{"start":{"line":27,"column":18},"end":{"line":27,"column":28}},{"start":{"line":27,"column":32},"end":{"line":27,"column":45}}],"line":27},"3":{"loc":{"start":{"line":28,"column":24},"end":{"line":28,"column":57}},"type":"binary-expr","locations":[{"start":{"line":28,"column":24},"end":{"line":28,"column":40}},{"start":{"line":28,"column":44},"end":{"line":28,"column":57}}],"line":28},"4":{"loc":{"start":{"line":29,"column":20},"end":{"line":29,"column":46}},"type":"binary-expr","locations":[{"start":{"line":29,"column":20},"end":{"line":29,"column":32}},{"start":{"line":29,"column":36},"end":{"line":29,"column":46}}],"line":29},"5":{"loc":{"start":{"line":30,"column":25},"end":{"line":30,"column":47}},"type":"binary-expr","locations":[{"start":{"line":30,"column":25},"end":{"line":30,"column":42}},{"start":{"line":30,"column":46},"end":{"line":30,"column":47}}],"line":30},"6":{"loc":{"start":{"line":31,"column":18},"end":{"line":31,"column":36}},"type":"binary-expr","locations":[{"start":{"line":31,"column":18},"end":{"line":31,"column":28}},{"start":{"line":31,"column":32},"end":{"line":31,"column":36}}],"line":31},"7":{"loc":{"start":{"line":52,"column":25},"end":{"line":52,"column":46}},"type":"binary-expr","locations":[{"start":{"line":52,"column":25},"end":{"line":52,"column":40}},{"start":{"line":52,"column":44},"end":{"line":52,"column":46}}],"line":52},"8":{"loc":{"start":{"line":52,"column":51},"end":{"line":52,"column":72}},"type":"binary-expr","locations":[{"start":{"line":52,"column":51},"end":{"line":52,"column":66}},{"start":{"line":52,"column":70},"end":{"line":52,"column":72}}],"line":52}},"s":{"0":0,"1":0,"2":0,"3":0,"4":0,"5":0,"6":0,"7":0,"8":0,"9":0,"10":0,"11":0,"12":0,"13":0,"14":0,"15":0,"16":0,"17":0},"f":{"0":0,"1":0,"2":0,"3":0,"4":0},"b":{"0":[0,0],"1":[0,0],"2":[0,0],"3":[0,0],"4":[0,0],"5":[0,0],"6":[0,0],"7":[0,0],"8":[0,0]},"meta":{"lastBranch":9,"lastFunction":5,"lastStatement":18,"seen":{"s:8:18:8:49":0,"s:9:18:9:42":1,"f:24:2:24:13":0,"s:25:4:25:33":2,"b:25:14:25:25:25:29:25:32":0,"s:26:4:26:54":3,"b:26:20:26:32:26:36:26:53":1,"s:27:4:27:46":4,"b:27:18:27:28:27:32:27:45":2,"s:28:4:28:58":5,"b:28:24:28:40:28:44:28:57":3,"s:29:4:29:47":6,"b:29:20:29:32:29:36:29:46":4,"s:30:4:30:48":7,"b:30:25:30:42:30:46:30:47":5,"s:31:4:31:37":8,"b:31:18:31:28:31:32:31:36":6,"f:38:15:38:25":1,"s:39:4:56:5":9,"s:44:22:47:7":10,"s:48:22:48:40":11,"s:49:6:49:69":12,"s:50:6:53:33":13,"f:51:16:51:17":2,"s:51:23:51:31":14,"f:52:14:52:15":3,"s:52:24:52:73":15,"b:52:25:52:40:52:44:52:46":7,"b:52:51:52:66:52:70:52:72":8,"f:53:13:53:14":4,"s:53:20:53:31":16,"s:55:6:55:50":17}}}
,"C:\\Users\\ObiOjji\\Documents\\benefits-buddy\\Backend\\models\\glossaryModel.js": {"path":"C:\\Users\\ObiOjji\\Documents\\benefits-buddy\\Backend\\models\\glossaryModel.js","statementMap":{"0":{"start":{"line":8,"column":18},"end":{"line":8,"column":49}},"1":{"start":{"line":9,"column":18},"end":{"line":9,"column":42}},"2":{"start":{"line":23,"column":4},"end":{"line":23,"column":37}},"3":{"start":{"line":24,"column":4},"end":{"line":24,"column":46}},"4":{"start":{"line":25,"column":4},"end":{"line":25,"column":58}},"5":{"start":{"line":26,"column":4},"end":{"line":26,"column":74}},"6":{"start":{"line":27,"column":4},"end":{"line":27,"column":38}},"7":{"start":{"line":35,"column":4},"end":{"line":51,"column":5}},"8":{"start":{"line":36,"column":27},"end":{"line":39,"column":7}},"9":{"start":{"line":40,"column":27},"end":{"line":40,"column":50}},"10":{"start":{"line":41,"column":6},"end":{"line":41,"column":78}},"11":{"start":{"line":42,"column":6},"end":{"line":48,"column":8}},"12":{"start":{"line":45,"column":26},"end":{"line":45,"column":75}},"13":{"start":{"line":46,"column":22},"end":{"line":46,"column":37}},"14":{"start":{"line":47,"column":25},"end":{"line":47,"column":33}},"15":{"start":{"line":50,"column":6},"end":{"line":50,"column":54}}},"fnMap":{"0":{"name":"(anonymous_0)","decl":{"start":{"line":22,"column":2},"end":{"line":22,"column":13}},"loc":{"start":{"line":22,"column":20},"end":{"line":28,"column":3}},"line":22},"1":{"name":"(anonymous_1)","decl":{"start":{"line":34,"column":15},"end":{"line":34,"column":34}},"loc":{"start":{"line":34,"column":37},"end":{"line":52,"column":3}},"line":34},"2":{"name":"(anonymous_2)","decl":{"start":{"line":45,"column":16},"end":{"line":45,"column":17}},"loc":{"start":{"line":45,"column":26},"end":{"line":45,"column":75}},"line":45},"3":{"name":"(anonymous_3)","decl":{"start":{"line":46,"column":15},"end":{"line":46,"column":16}},"loc":{"start":{"line":46,"column":22},"end":{"line":46,"column":37}},"line":46},"4":{"name":"(anonymous_4)","decl":{"start":{"line":47,"column":18},"end":{"line":47,"column":19}},"loc":{"start":{"line":47,"column":25},"end":{"line":47,"column":33}},"line":47}},"branchMap":{"0":{"loc":{"start":{"line":23,"column":14},"end":{"line":23,"column":36}},"type":"binary-expr","locations":[{"start":{"line":23,"column":14},"end":{"line":23,"column":30}},{"start":{"line":23,"column":34},"end":{"line":23,"column":36}}],"line":23},"1":{"loc":{"start":{"line":24,"column":16},"end":{"line":24,"column":45}},"type":"binary-expr","locations":[{"start":{"line":24,"column":16},"end":{"line":24,"column":25}},{"start":{"line":24,"column":29},"end":{"line":24,"column":45}}],"line":24},"2":{"loc":{"start":{"line":25,"column":22},"end":{"line":25,"column":57}},"type":"binary-expr","locations":[{"start":{"line":25,"column":22},"end":{"line":25,"column":37}},{"start":{"line":25,"column":41},"end":{"line":25,"column":57}}],"line":25},"3":{"loc":{"start":{"line":26,"column":28},"end":{"line":26,"column":73}},"type":"binary-expr","locations":[{"start":{"line":26,"column":28},"end":{"line":26,"column":49}},{"start":{"line":26,"column":53},"end":{"line":26,"column":73}}],"line":26},"4":{"loc":{"start":{"line":27,"column":18},"end":{"line":27,"column":37}},"type":"binary-expr","locations":[{"start":{"line":27,"column":18},"end":{"line":27,"column":29}},{"start":{"line":27,"column":33},"end":{"line":27,"column":37}}],"line":27},"5":{"loc":{"start":{"line":45,"column":27},"end":{"line":45,"column":48}},"type":"binary-expr","locations":[{"start":{"line":45,"column":27},"end":{"line":45,"column":42}},{"start":{"line":45,"column":46},"end":{"line":45,"column":48}}],"line":45},"6":{"loc":{"start":{"line":45,"column":53},"end":{"line":45,"column":74}},"type":"binary-expr","locations":[{"start":{"line":45,"column":53},"end":{"line":45,"column":68}},{"start":{"line":45,"column":72},"end":{"line":45,"column":74}}],"line":45}},"s":{"0":0,"1":0,"2":0,"3":0,"4":0,"5":0,"6":0,"7":0,"8":0,"9":0,"10":0,"11":0,"12":0,"13":0,"14":0,"15":0},"f":{"0":0,"1":0,"2":0,"3":0,"4":0},"b":{"0":[0,0],"1":[0,0],"2":[0,0],"3":[0,0],"4":[0,0],"5":[0,0],"6":[0,0]},"meta":{"lastBranch":7,"lastFunction":5,"lastStatement":16,"seen":{"s:8:18:8:49":0,"s:9:18:9:42":1,"f:22:2:22:13":0,"s:23:4:23:37":2,"b:23:14:23:30:23:34:23:36":0,"s:24:4:24:46":3,"b:24:16:24:25:24:29:24:45":1,"s:25:4:25:58":4,"b:25:22:25:37:25:41:25:57":2,"s:26:4:26:74":5,"b:26:28:26:49:26:53:26:73":3,"s:27:4:27:38":6,"b:27:18:27:29:27:33:27:37":4,"f:34:15:34:34":1,"s:35:4:51:5":7,"s:36:27:39:7":8,"s:40:27:40:50":9,"s:41:6:41:78":10,"s:42:6:48:8":11,"f:45:16:45:17":2,"s:45:26:45:75":12,"b:45:27:45:42:45:46:45:48":5,"b:45:53:45:68:45:72:45:74":6,"f:46:15:46:16":3,"s:46:22:46:37":13,"f:47:18:47:19":4,"s:47:25:47:33":14,"s:50:6:50:54":15}}}
,"C:\\Users\\ObiOjji\\Documents\\benefits-buddy\\Backend\\models\\userModel.js": {"path":"C:\\Users\\ObiOjji\\Documents\\benefits-buddy\\Backend\\models\\userModel.js","statementMap":{"0":{"start":{"line":3,"column":19},"end":{"line":12,"column":1}},"1":{"start":{"line":4,"column":17},"end":{"line":9,"column":3}},"2":{"start":{"line":11,"column":2},"end":{"line":11,"column":24}},"3":{"start":{"line":14,"column":18},"end":{"line":27,"column":1}},"4":{"start":{"line":15,"column":17},"end":{"line":20,"column":3}},"5":{"start":{"line":22,"column":2},"end":{"line":24,"column":3}},"6":{"start":{"line":23,"column":4},"end":{"line":23,"column":37}},"7":{"start":{"line":26,"column":2},"end":{"line":26,"column":24}}},"fnMap":{"0":{"name":"(anonymous_0)","decl":{"start":{"line":3,"column":19},"end":{"line":3,"column":24}},"loc":{"start":{"line":3,"column":49},"end":{"line":12,"column":1}},"line":3},"1":{"name":"(anonymous_1)","decl":{"start":{"line":14,"column":18},"end":{"line":14,"column":23}},"loc":{"start":{"line":14,"column":48},"end":{"line":27,"column":1}},"line":14}},"branchMap":{"0":{"loc":{"start":{"line":22,"column":2},"end":{"line":24,"column":3}},"type":"if","locations":[{"start":{"line":22,"column":2},"end":{"line":24,"column":3}},{"start":{},"end":{}}],"line":22}},"s":{"0":0,"1":0,"2":0,"3":0,"4":0,"5":0,"6":0,"7":0},"f":{"0":0,"1":0},"b":{"0":[0,0]},"meta":{"lastBranch":1,"lastFunction":2,"lastStatement":8,"seen":{"s:3:19:12:1":0,"f:3:19:3:24":0,"s:4:17:9:3":1,"s:11:2:11:24":2,"s:14:18:27:1":3,"f:14:18:14:23":1,"s:15:17:20:3":4,"b:22:2:24:3:undefined:undefined:undefined:undefined":0,"s:22:2:24:3":5,"s:23:4:23:37":6,"s:26:2:26:24":7}}}
,"C:\\Users\\ObiOjji\\Documents\\benefits-buddy\\Backend\\routes\\aiRoutes.js": {"path":"C:\\Users\\ObiOjji\\Documents\\benefits-buddy\\Backend\\routes\\aiRoutes.js","statementMap":{"0":{"start":{"line":4,"column":16},"end":{"line":4,"column":25}},"1":{"start":{"line":6,"column":0},"end":{"line":6,"column":44}}},"fnMap":{},"branchMap":{},"s":{"0":0,"1":0},"f":{},"b":{},"meta":{"lastBranch":0,"lastFunction":0,"lastStatement":2,"seen":{"s:4:16:4:25":0,"s:6:0:6:44":1}}}
,"C:\\Users\\ObiOjji\\Documents\\benefits-buddy\\Backend\\routes\\authRoutes.js": {"path":"C:\\Users\\ObiOjji\\Documents\\benefits-buddy\\Backend\\routes\\authRoutes.js","statementMap":{"0":{"start":{"line":4,"column":15},"end":{"line":4,"column":31}},"1":{"start":{"line":6,"column":0},"end":{"line":6,"column":46}},"2":{"start":{"line":7,"column":0},"end":{"line":7,"column":44}}},"fnMap":{},"branchMap":{},"s":{"0":0,"1":0,"2":0},"f":{},"b":{},"meta":{"lastBranch":0,"lastFunction":0,"lastStatement":3,"seen":{"s:4:15:4:31":0,"s:6:0:6:46":1,"s:7:0:7:44":2}}}
,"C:\\Users\\ObiOjji\\Documents\\benefits-buddy\\Backend\\routes\\benefitsRoutes.js": {"path":"C:\\Users\\ObiOjji\\Documents\\benefits-buddy\\Backend\\routes\\benefitsRoutes.js","statementMap":{"0":{"start":{"line":4,"column":22},"end":{"line":4,"column":31}},"1":{"start":{"line":6,"column":0},"end":{"line":6,"column":75}},"2":{"start":{"line":7,"column":0},"end":{"line":7,"column":59}}},"fnMap":{},"branchMap":{},"s":{"0":0,"1":0,"2":0},"f":{},"b":{},"meta":{"lastBranch":0,"lastFunction":0,"lastStatement":3,"seen":{"s:4:22:4:31":0,"s:6:0:6:75":1,"s:7:0:7:59":2}}}
,"C:\\Users\\ObiOjji\\Documents\\benefits-buddy\\Backend\\routes\\faqRoutes.js": {"path":"C:\\Users\\ObiOjji\\Documents\\benefits-buddy\\Backend\\routes\\faqRoutes.js","statementMap":{"0":{"start":{"line":6,"column":18},"end":{"line":6,"column":27}},"1":{"start":{"line":8,"column":0},"end":{"line":8,"column":47}}},"fnMap":{},"branchMap":{},"s":{"0":0,"1":0},"f":{},"b":{},"meta":{"lastBranch":0,"lastFunction":0,"lastStatement":2,"seen":{"s:6:18:6:27":0,"s:8:0:8:47":1}}}
,"C:\\Users\\ObiOjji\\Documents\\benefits-buddy\\Backend\\routes\\gloassaryRoutes.js": {"path":"C:\\Users\\ObiOjji\\Documents\\benefits-buddy\\Backend\\routes\\gloassaryRoutes.js","statementMap":{"0":{"start":{"line":4,"column":22},"end":{"line":4,"column":31}},"1":{"start":{"line":6,"column":0},"end":{"line":6,"column":64}}},"fnMap":{},"branchMap":{},"s":{"0":0,"1":0},"f":{},"b":{},"meta":{"lastBranch":0,"lastFunction":0,"lastStatement":2,"seen":{"s:4:22:4:31":0,"s:6:0:6:64":1}}}
,"C:\\Users\\ObiOjji\\Documents\\benefits-buddy\\Backend\\services\\aiServices.js": {"path":"C:\\Users\\ObiOjji\\Documents\\benefits-buddy\\Backend\\services\\aiServices.js","statementMap":{"0":{"start":{"line":5,"column":15},"end":{"line":5,"column":65}},"1":{"start":{"line":7,"column":23},"end":{"line":12,"column":2}},"2":{"start":{"line":14,"column":25},"end":{"line":26,"column":2}},"3":{"start":{"line":31,"column":27},"end":{"line":31,"column":71}},"4":{"start":{"line":31,"column":46},"end":{"line":31,"column":63}},"5":{"start":{"line":33,"column":19},"end":{"line":91,"column":4}},"6":{"start":{"line":84,"column":28},"end":{"line":87,"column":5}},"7":{"start":{"line":92,"column":17},"end":{"line":92,"column":39}},"8":{"start":{"line":95,"column":2},"end":{"line":103,"column":3}},"9":{"start":{"line":96,"column":4},"end":{"line":102,"column":6}},"10":{"start":{"line":105,"column":2},"end":{"line":105,"column":16}}},"fnMap":{"0":{"name":"generateAIResponse","decl":{"start":{"line":30,"column":15},"end":{"line":30,"column":33}},"loc":{"start":{"line":30,"column":68},"end":{"line":106,"column":1}},"line":30},"1":{"name":"(anonymous_1)","decl":{"start":{"line":31,"column":39},"end":{"line":31,"column":40}},"loc":{"start":{"line":31,"column":46},"end":{"line":31,"column":63}},"line":31},"2":{"name":"(anonymous_2)","decl":{"start":{"line":84,"column":20},"end":{"line":84,"column":21}},"loc":{"start":{"line":84,"column":28},"end":{"line":87,"column":5}},"line":84}},"branchMap":{"0":{"loc":{"start":{"line":55,"column":2},"end":{"line":57,"column":120}},"type":"cond-expr","locations":[{"start":{"line":56,"column":6},"end":{"line":56,"column":122}},{"start":{"line":57,"column":6},"end":{"line":57,"column":120}}],"line":55},"1":{"loc":{"start":{"line":95,"column":2},"end":{"line":103,"column":3}},"type":"if","locations":[{"start":{"line":95,"column":2},"end":{"line":103,"column":3}},{"start":{},"end":{}}],"line":95}},"s":{"0":0,"1":0,"2":0,"3":0,"4":0,"5":0,"6":0,"7":0,"8":0,"9":0,"10":0},"f":{"0":0,"1":0,"2":0},"b":{"0":[0,0],"1":[0,0]},"meta":{"lastBranch":2,"lastFunction":3,"lastStatement":11,"seen":{"s:5:15:5:65":0,"s:7:23:12:2":1,"s:14:25:26:2":2,"f:30:15:30:33":0,"s:31:27:31:71":3,"f:31:39:31:40":1,"s:31:46:31:63":4,"s:33:19:91:4":5,"b:56:6:56:122:57:6:57:120":0,"f:84:20:84:21":2,"s:84:28:87:5":6,"s:92:17:92:39":7,"b:95:2:103:3:undefined:undefined:undefined:undefined":1,"s:95:2:103:3":8,"s:96:4:102:6":9,"s:105:2:105:16":10}}}
,"C:\\Users\\ObiOjji\\Documents\\benefits-buddy\\Backend\\services\\geminiAIServices.js": {"path":"C:\\Users\\ObiOjji\\Documents\\benefits-buddy\\Backend\\services\\geminiAIServices.js","statementMap":{"0":{"start":{"line":28,"column":23},"end":{"line":28,"column":49}},"1":{"start":{"line":30,"column":11},"end":{"line":30,"column":54}},"2":{"start":{"line":33,"column":2},"end":{"line":76,"column":3}},"3":{"start":{"line":34,"column":19},"end":{"line":71,"column":6}},"4":{"start":{"line":67,"column":33},"end":{"line":70,"column":7}},"5":{"start":{"line":72,"column":4},"end":{"line":72,"column":43}},"6":{"start":{"line":73,"column":4},"end":{"line":73,"column":35}},"7":{"start":{"line":75,"column":4},"end":{"line":75,"column":38}}},"fnMap":{"0":{"name":"generateAIResponse","decl":{"start":{"line":32,"column":15},"end":{"line":32,"column":33}},"loc":{"start":{"line":32,"column":68},"end":{"line":77,"column":1}},"line":32},"1":{"name":"(anonymous_1)","decl":{"start":{"line":67,"column":25},"end":{"line":67,"column":26}},"loc":{"start":{"line":67,"column":33},"end":{"line":70,"column":7}},"line":67}},"branchMap":{"0":{"loc":{"start":{"line":68,"column":14},"end":{"line":68,"column":55}},"type":"cond-expr","locations":[{"start":{"line":68,"column":39},"end":{"line":68,"column":46}},{"start":{"line":68,"column":49},"end":{"line":68,"column":55}}],"line":68}},"s":{"0":0,"1":0,"2":0,"3":0,"4":0,"5":0,"6":0,"7":0},"f":{"0":0,"1":0},"b":{"0":[0,0]},"meta":{"lastBranch":1,"lastFunction":2,"lastStatement":8,"seen":{"s:28:23:28:49":0,"s:30:11:30:54":1,"f:32:15:32:33":0,"s:33:2:76:3":2,"s:34:19:71:6":3,"f:67:25:67:26":1,"s:67:33:70:7":4,"b:68:39:68:46:68:49:68:55":0,"s:72:4:72:43":5,"s:73:4:73:35":6,"s:75:4:75:38":7}}}
}
